Using pre-set license
Built from '2021.1/staging' branch; Version is '2021.1.3f1 (4bef613afd59) revision 4976481'; Using compiler version '192528614'; Build Type 'Release'
OS: 'Windows 10 Enterprise LTSC 2019; OS build 17763.2300; Version 1809; 64bit' Language: 'pt' Physical Memory: 16226 MB
BatchMode: 1, IsHumanControllingUs: 0, StartBugReporterOnCrash: 0, Is64bit: 1, IsPro: 0

 COMMAND LINE ARGUMENTS:
C:\Program Files\Unity\Hub\Editor\2021.1.3f1\Editor\Unity.exe
-adb2
-batchMode
-noUpm
-name
AssetImportWorker0
-projectPath
D:/JP/Documents/Unity Projects/Exo-PI-Game
-logFile
Logs/AssetImportWorker0.log
-srvPort
58538
Successfully changed project path to: D:/JP/Documents/Unity Projects/Exo-PI-Game
D:/JP/Documents/Unity Projects/Exo-PI-Game
Using Asset Import Pipeline V2.
Refreshing native plugins compatible for Editor in 148.14 ms, found 1 plugins.
Preloading 0 native plugins for Editor in 0.00 ms.
Initialize engine version: 2021.1.3f1 (4bef613afd59)
[Subsystems] Discovering subsystems at path C:/Program Files/Unity/Hub/Editor/2021.1.3f1/Editor/Data/Resources/UnitySubsystems
[Subsystems] Discovering subsystems at path D:/JP/Documents/Unity Projects/Exo-PI-Game/Assets
GfxDevice: creating device client; threaded=0; jobified=0
Direct3D:
    Version:  Direct3D 11.0 [level 11.1]
    Renderer: NVIDIA GeForce GTX 1050 Ti (ID=0x1c8c)
    Vendor:   NVIDIA
    VRAM:     4018 MB
    Driver:   30.0.14.9676
Shader 'WFX/Transparent Specular': fallback shader 'Particles/Alpha Blended' not found
Shader 'WFX/Transparent Diffuse': fallback shader 'Particles/Alpha Blended' not found
Initialize mono
Mono path[0] = 'C:/Program Files/Unity/Hub/Editor/2021.1.3f1/Editor/Data/Managed'
Mono path[1] = 'C:/Program Files/Unity/Hub/Editor/2021.1.3f1/Editor/Data/MonoBleedingEdge/lib/mono/unityjit'
Mono config path = 'C:/Program Files/Unity/Hub/Editor/2021.1.3f1/Editor/Data/MonoBleedingEdge/etc'
Using monoOptions --debugger-agent=transport=dt_socket,embedding=1,server=y,suspend=n,address=127.0.0.1:56392
Begin MonoManager ReloadAssembly
Registering precompiled unity dll's ...
Register platform support module: C:/Program Files/Unity/Hub/Editor/2021.1.3f1/Editor/Data/PlaybackEngines/WindowsStandaloneSupport/UnityEditor.WindowsStandalone.Extensions.dll
Registered in 0.001332 seconds.
Native extension for WindowsStandalone target not found
Refreshing native plugins compatible for Editor in 113.16 ms, found 1 plugins.
Preloading 0 native plugins for Editor in 0.00 ms.
Mono: successfully reloaded assembly
- Completed reload, in  1.162 seconds
Platform modules already initialized, skipping
Registering precompiled user dll's ...
Registered in 0.003195 seconds.
Begin MonoManager ReloadAssembly
Native extension for WindowsStandalone target not found
Refreshing native plugins compatible for Editor in 0.90 ms, found 1 plugins.
Preloading 0 native plugins for Editor in 0.00 ms.
Mono: successfully reloaded assembly
- Completed reload, in  1.623 seconds
Platform modules already initialized, skipping
========================================================================
Worker process is ready to serve import requests
Shader 'WFX/Transparent Specular': fallback shader 'Particles/Alpha Blended' not found
Shader 'WFX/Transparent Diffuse': fallback shader 'Particles/Alpha Blended' not found
Launched and connected shader compiler UnityShaderCompiler.exe after 0.04 seconds
Refreshing native plugins compatible for Editor in 1.32 ms, found 1 plugins.
Preloading 0 native plugins for Editor in 0.00 ms.
Unloading 3165 Unused Serialized files (Serialized files now loaded: 0)
System memory in use before: 224.2 MB.
System memory in use after: 224.4 MB.

Unloading 16 unused Assets to reduce memory usage. Loaded Objects now: 3664.
Total: 2.240300 ms (FindLiveObjects: 0.266300 ms CreateObjectMapping: 0.144300 ms MarkObjects: 1.693700 ms  DeleteObjects: 0.135200 ms)

========================================================================
Received Import Request.
  path: Assets/_Scenes/Cena 2.unity
  artifactKey: Guid(f47650c364a37e145a6a13f7f260a75c) Importer(815301076,1909f56bfc062723c751e8b465ee728b)
Start importing Assets/_Scenes/Cena 2.unity using Guid(f47650c364a37e145a6a13f7f260a75c) Importer(815301076,1909f56bfc062723c751e8b465ee728b)  -> (artifact id: '83d9533d1f76f0ea686391698aed803b') in 0.023288 seconds 
========================================================================
Received Prepare
Registering precompiled user dll's ...
Registered in 0.003289 seconds.
Begin MonoManager ReloadAssembly
Native extension for WindowsStandalone target not found
Refreshing native plugins compatible for Editor in 0.78 ms, found 1 plugins.
Preloading 0 native plugins for Editor in 0.00 ms.
Mono: successfully reloaded assembly
- Completed reload, in  1.472 seconds
Platform modules already initialized, skipping
Shader 'WFX/Transparent Specular': fallback shader 'Particles/Alpha Blended' not found
Shader 'WFX/Transparent Diffuse': fallback shader 'Particles/Alpha Blended' not found
Refreshing native plugins compatible for Editor in 0.89 ms, found 1 plugins.
Preloading 0 native plugins for Editor in 0.00 ms.
Unloading 3134 Unused Serialized files (Serialized files now loaded: 0)
System memory in use before: 221.6 MB.
System memory in use after: 221.8 MB.

Unloading 11 unused Assets to reduce memory usage. Loaded Objects now: 3667.
Total: 2.455800 ms (FindLiveObjects: 0.302600 ms CreateObjectMapping: 0.164300 ms MarkObjects: 1.885100 ms  DeleteObjects: 0.103000 ms)

========================================================================
Received Prepare
Shader 'WFX/Transparent Specular': fallback shader 'Particles/Alpha Blended' not found
Shader 'WFX/Transparent Diffuse': fallback shader 'Particles/Alpha Blended' not found
Refreshing native plugins compatible for Editor in 2.51 ms, found 1 plugins.
Preloading 0 native plugins for Editor in 0.00 ms.
Unloading 8 Unused Serialized files (Serialized files now loaded: 0)
System memory in use before: 159.5 MB.
System memory in use after: 159.7 MB.

Unloading 8 unused Assets to reduce memory usage. Loaded Objects now: 3667.
Total: 2.385800 ms (FindLiveObjects: 0.258500 ms CreateObjectMapping: 0.135400 ms MarkObjects: 1.886700 ms  DeleteObjects: 0.104500 ms)

========================================================================
Received Prepare
Registering precompiled user dll's ...
Registered in 0.003296 seconds.
Begin MonoManager ReloadAssembly
Native extension for WindowsStandalone target not found
Refreshing native plugins compatible for Editor in 0.81 ms, found 1 plugins.
Preloading 0 native plugins for Editor in 0.00 ms.
Mono: successfully reloaded assembly
- Completed reload, in  1.492 seconds
Platform modules already initialized, skipping
Shader 'WFX/Transparent Specular': fallback shader 'Particles/Alpha Blended' not found
Shader 'WFX/Transparent Diffuse': fallback shader 'Particles/Alpha Blended' not found
Refreshing native plugins compatible for Editor in 0.78 ms, found 1 plugins.
Preloading 0 native plugins for Editor in 0.00 ms.
Unloading 3134 Unused Serialized files (Serialized files now loaded: 0)
System memory in use before: 221.6 MB.
System memory in use after: 221.8 MB.

Unloading 11 unused Assets to reduce memory usage. Loaded Objects now: 3670.
Total: 2.290700 ms (FindLiveObjects: 0.275500 ms CreateObjectMapping: 0.175400 ms MarkObjects: 1.730000 ms  DeleteObjects: 0.108700 ms)

========================================================================
Received Import Request.
  Time since last request: 771.843167 seconds.
  path: Assets/_Materials/Oxigen Machine
  artifactKey: Guid(35620814cd3eb4544950eb4b4cf0b7be) Importer(815301076,1909f56bfc062723c751e8b465ee728b)
Start importing Assets/_Materials/Oxigen Machine using Guid(35620814cd3eb4544950eb4b4cf0b7be) Importer(815301076,1909f56bfc062723c751e8b465ee728b)  -> (artifact id: '7756edef8942f88e31b94613b04f396c') in 0.014930 seconds 
========================================================================
Received Import Request.
  Time since last request: 61.521191 seconds.
  path: Assets/_Materials/OxigenMachine_low_Part3_Normal.1001.png
  artifactKey: Guid(872540e42dc704e49a25472a13d86fdf) Importer(815301076,1909f56bfc062723c751e8b465ee728b)
Start importing Assets/_Materials/OxigenMachine_low_Part3_Normal.1001.png using Guid(872540e42dc704e49a25472a13d86fdf) Importer(815301076,1909f56bfc062723c751e8b465ee728b)  -> (artifact id: 'a1a9e6db2432743ede2b612a9c04b74f') in 0.079788 seconds 
========================================================================
Received Import Request.
  Time since last request: 1.083321 seconds.
  path: Assets/_Materials/OxigenMachine_low_Part2_Metallic.1001.png
  artifactKey: Guid(d094f14f5c32f0a44b0806c791b2a396) Importer(815301076,1909f56bfc062723c751e8b465ee728b)
Start importing Assets/_Materials/OxigenMachine_low_Part2_Metallic.1001.png using Guid(d094f14f5c32f0a44b0806c791b2a396) Importer(815301076,1909f56bfc062723c751e8b465ee728b)  -> (artifact id: '8cd08bb968d2ec1b1e2e8cab24985c8e') in 0.067133 seconds 
========================================================================
Received Import Request.
  Time since last request: 33.756731 seconds.
  path: Assets/_Models/OxigenMachineFinal.fbx
  artifactKey: Guid(5594084f5f8a41744a54d97e0929085e) Importer(815301076,1909f56bfc062723c751e8b465ee728b)
Start importing Assets/_Models/OxigenMachineFinal.fbx using Guid(5594084f5f8a41744a54d97e0929085e) Importer(815301076,1909f56bfc062723c751e8b465ee728b)  -> (artifact id: '316f4ca476b665601e17dacbc6d9f9a1') in 0.120767 seconds 
========================================================================
Received Prepare
Registering precompiled user dll's ...
Registered in 0.004009 seconds.
Begin MonoManager ReloadAssembly
Native extension for WindowsStandalone target not found
Refreshing native plugins compatible for Editor in 0.94 ms, found 1 plugins.
Preloading 0 native plugins for Editor in 0.00 ms.
Mono: successfully reloaded assembly
- Completed reload, in  1.701 seconds
Platform modules already initialized, skipping
Shader 'WFX/Transparent Specular': fallback shader 'Particles/Alpha Blended' not found
Shader 'WFX/Transparent Diffuse': fallback shader 'Particles/Alpha Blended' not found
Refreshing native plugins compatible for Editor in 1.18 ms, found 1 plugins.
Preloading 0 native plugins for Editor in 0.00 ms.
Unloading 3136 Unused Serialized files (Serialized files now loaded: 0)
System memory in use before: 235.0 MB.
System memory in use after: 235.2 MB.

Unloading 11 unused Assets to reduce memory usage. Loaded Objects now: 3714.
Total: 3.308800 ms (FindLiveObjects: 0.416100 ms CreateObjectMapping: 0.325100 ms MarkObjects: 2.389800 ms  DeleteObjects: 0.176600 ms)

========================================================================
Received Prepare
Registering precompiled user dll's ...
Registered in 0.003571 seconds.
Begin MonoManager ReloadAssembly
Native extension for WindowsStandalone target not found
Refreshing native plugins compatible for Editor in 0.81 ms, found 1 plugins.
Preloading 0 native plugins for Editor in 0.00 ms.
Mono: successfully reloaded assembly
- Completed reload, in  1.808 seconds
Platform modules already initialized, skipping
Shader 'WFX/Transparent Specular': fallback shader 'Particles/Alpha Blended' not found
Shader 'WFX/Transparent Diffuse': fallback shader 'Particles/Alpha Blended' not found
Refreshing native plugins compatible for Editor in 0.79 ms, found 1 plugins.
Preloading 0 native plugins for Editor in 0.00 ms.
Unloading 3134 Unused Serialized files (Serialized files now loaded: 0)
System memory in use before: 234.9 MB.
System memory in use after: 235.1 MB.

Unloading 11 unused Assets to reduce memory usage. Loaded Objects now: 3717.
Total: 5.373900 ms (FindLiveObjects: 0.480400 ms CreateObjectMapping: 0.385200 ms MarkObjects: 4.233300 ms  DeleteObjects: 0.273100 ms)

========================================================================
Received Import Request.
  Time since last request: 364.957475 seconds.
  path: Assets/_Scenes/Cena 2.unity
  artifactKey: Guid(f47650c364a37e145a6a13f7f260a75c) Importer(815301076,1909f56bfc062723c751e8b465ee728b)
Start importing Assets/_Scenes/Cena 2.unity using Guid(f47650c364a37e145a6a13f7f260a75c) Importer(815301076,1909f56bfc062723c751e8b465ee728b)  -> (artifact id: 'c009820601bb1bbea6139810f4f124b9') in 0.014215 seconds 
========================================================================
Received Prepare
Shader 'WFX/Transparent Specular': fallback shader 'Particles/Alpha Blended' not found
Shader 'WFX/Transparent Diffuse': fallback shader 'Particles/Alpha Blended' not found
Refreshing native plugins compatible for Editor in 2.58 ms, found 1 plugins.
Preloading 0 native plugins for Editor in 0.00 ms.
Unloading 8 Unused Serialized files (Serialized files now loaded: 0)
System memory in use before: 172.9 MB.
System memory in use after: 173.1 MB.

Unloading 8 unused Assets to reduce memory usage. Loaded Objects now: 3717.
Total: 3.150100 ms (FindLiveObjects: 0.334700 ms CreateObjectMapping: 0.194300 ms MarkObjects: 2.514100 ms  DeleteObjects: 0.106100 ms)

========================================================================
Received Prepare
Shader 'WFX/Transparent Specular': fallback shader 'Particles/Alpha Blended' not found
Shader 'WFX/Transparent Diffuse': fallback shader 'Particles/Alpha Blended' not found
Refreshing native plugins compatible for Editor in 2.19 ms, found 1 plugins.
Preloading 0 native plugins for Editor in 0.00 ms.
Unloading 8 Unused Serialized files (Serialized files now loaded: 0)
System memory in use before: 173.3 MB.
System memory in use after: 173.5 MB.

Unloading 8 unused Assets to reduce memory usage. Loaded Objects now: 3717.
Total: 3.543400 ms (FindLiveObjects: 0.314000 ms CreateObjectMapping: 0.180500 ms MarkObjects: 2.913200 ms  DeleteObjects: 0.134700 ms)

========================================================================
Received Prepare
Registering precompiled user dll's ...
Registered in 0.003504 seconds.
Begin MonoManager ReloadAssembly
Native extension for WindowsStandalone target not found
Refreshing native plugins compatible for Editor in 0.78 ms, found 1 plugins.
Preloading 0 native plugins for Editor in 0.00 ms.
Mono: successfully reloaded assembly
- Completed reload, in  1.483 seconds
Platform modules already initialized, skipping
Shader 'WFX/Transparent Specular': fallback shader 'Particles/Alpha Blended' not found
Shader 'WFX/Transparent Diffuse': fallback shader 'Particles/Alpha Blended' not found
Refreshing native plugins compatible for Editor in 0.89 ms, found 1 plugins.
Preloading 0 native plugins for Editor in 0.00 ms.
Unloading 3134 Unused Serialized files (Serialized files now loaded: 0)
System memory in use before: 235.4 MB.
System memory in use after: 235.6 MB.

Unloading 11 unused Assets to reduce memory usage. Loaded Objects now: 3720.
Total: 2.515700 ms (FindLiveObjects: 0.334100 ms CreateObjectMapping: 0.197400 ms MarkObjects: 1.852100 ms  DeleteObjects: 0.131200 ms)

========================================================================
Received Import Request.
  Time since last request: 1157.805085 seconds.
  path: Assets/_Prefabs/Robot_Scout_HyperX (1).prefab
  artifactKey: Guid(ee0648d4ca4e4974b89446fbdfc70420) Importer(815301076,1909f56bfc062723c751e8b465ee728b)
Start importing Assets/_Prefabs/Robot_Scout_HyperX (1).prefab using Guid(ee0648d4ca4e4974b89446fbdfc70420) Importer(815301076,1909f56bfc062723c751e8b465ee728b)  -> (artifact id: 'f80a6e0f108bbe0e32a3748a57f49deb') in 0.064105 seconds 
========================================================================
Received Import Request.
  Time since last request: 81.533027 seconds.
  path: Assets/_Scenes/Cena 2.unity
  artifactKey: Guid(f47650c364a37e145a6a13f7f260a75c) Importer(815301076,1909f56bfc062723c751e8b465ee728b)
Start importing Assets/_Scenes/Cena 2.unity using Guid(f47650c364a37e145a6a13f7f260a75c) Importer(815301076,1909f56bfc062723c751e8b465ee728b)  -> (artifact id: '5026897699735939084164639f1518a1') in 0.009729 seconds 
========================================================================
Received Import Request.
  Time since last request: 122.638992 seconds.
  path: Assets/_Scenes/Cena 1.unity
  artifactKey: Guid(2e16dd08b202ea14b940339d17b74804) Importer(815301076,1909f56bfc062723c751e8b465ee728b)
Start importing Assets/_Scenes/Cena 1.unity using Guid(2e16dd08b202ea14b940339d17b74804) Importer(815301076,1909f56bfc062723c751e8b465ee728b)  -> (artifact id: '245469b2c0956a5d5d03fadf01eae3b5') in 0.010315 seconds 
========================================================================
Received Prepare
Registering precompiled user dll's ...
Registered in 0.003368 seconds.
Begin MonoManager ReloadAssembly
Native extension for WindowsStandalone target not found
Refreshing native plugins compatible for Editor in 1.10 ms, found 1 plugins.
Preloading 0 native plugins for Editor in 0.00 ms.
Mono: successfully reloaded assembly
- Completed reload, in  1.751 seconds
Platform modules already initialized, skipping
Shader 'WFX/Transparent Specular': fallback shader 'Particles/Alpha Blended' not found
Shader 'WFX/Transparent Diffuse': fallback shader 'Particles/Alpha Blended' not found
Refreshing native plugins compatible for Editor in 0.89 ms, found 1 plugins.
Preloading 0 native plugins for Editor in 0.00 ms.
Unloading 3134 Unused Serialized files (Serialized files now loaded: 0)
System memory in use before: 235.4 MB.
System memory in use after: 235.6 MB.

Unloading 11 unused Assets to reduce memory usage. Loaded Objects now: 3724.
Total: 3.077400 ms (FindLiveObjects: 0.315300 ms CreateObjectMapping: 0.178600 ms MarkObjects: 2.433700 ms  DeleteObjects: 0.149100 ms)

========================================================================
Received Import Request.
  Time since last request: 65.421693 seconds.
  path: Assets/_Scenes/Cena 2.unity
  artifactKey: Guid(f47650c364a37e145a6a13f7f260a75c) Importer(815301076,1909f56bfc062723c751e8b465ee728b)
Start importing Assets/_Scenes/Cena 2.unity using Guid(f47650c364a37e145a6a13f7f260a75c) Importer(815301076,1909f56bfc062723c751e8b465ee728b)  -> (artifact id: '1b4e479ee5d22f16ec238027946c8a4d') in 0.015403 seconds 
========================================================================
Received Prepare
Registering precompiled user dll's ...
Registered in 0.004578 seconds.
Begin MonoManager ReloadAssembly
Native extension for WindowsStandalone target not found
Refreshing native plugins compatible for Editor in 0.81 ms, found 1 plugins.
Preloading 0 native plugins for Editor in 0.00 ms.
Mono: successfully reloaded assembly
- Completed reload, in  1.474 seconds
Platform modules already initialized, skipping
Shader 'WFX/Transparent Specular': fallback shader 'Particles/Alpha Blended' not found
Shader 'WFX/Transparent Diffuse': fallback shader 'Particles/Alpha Blended' not found
Refreshing native plugins compatible for Editor in 0.78 ms, found 1 plugins.
Preloading 0 native plugins for Editor in 0.00 ms.
Unloading 3134 Unused Serialized files (Serialized files now loaded: 0)
System memory in use before: 235.4 MB.
System memory in use after: 235.6 MB.

Unloading 11 unused Assets to reduce memory usage. Loaded Objects now: 3727.
Total: 2.776800 ms (FindLiveObjects: 0.300400 ms CreateObjectMapping: 0.180600 ms MarkObjects: 2.144200 ms  DeleteObjects: 0.150700 ms)

========================================================================
Received Prepare
Registering precompiled user dll's ...
Registered in 0.003533 seconds.
Begin MonoManager ReloadAssembly
Native extension for WindowsStandalone target not found
Refreshing native plugins compatible for Editor in 0.79 ms, found 1 plugins.
Preloading 0 native plugins for Editor in 0.00 ms.
Mono: successfully reloaded assembly
- Completed reload, in  1.425 seconds
Platform modules already initialized, skipping
Shader 'WFX/Transparent Specular': fallback shader 'Particles/Alpha Blended' not found
Shader 'WFX/Transparent Diffuse': fallback shader 'Particles/Alpha Blended' not found
Refreshing native plugins compatible for Editor in 0.78 ms, found 1 plugins.
Preloading 0 native plugins for Editor in 0.00 ms.
Unloading 3134 Unused Serialized files (Serialized files now loaded: 0)
System memory in use before: 235.4 MB.
System memory in use after: 235.6 MB.

Unloading 11 unused Assets to reduce memory usage. Loaded Objects now: 3730.
Total: 5.820000 ms (FindLiveObjects: 0.559900 ms CreateObjectMapping: 0.431500 ms MarkObjects: 4.557000 ms  DeleteObjects: 0.269500 ms)

========================================================================
Received Prepare
Registering precompiled user dll's ...
Registered in 0.003433 seconds.
Begin MonoManager ReloadAssembly
Native extension for WindowsStandalone target not found
Refreshing native plugins compatible for Editor in 0.79 ms, found 1 plugins.
Preloading 0 native plugins for Editor in 0.00 ms.
Mono: successfully reloaded assembly
- Completed reload, in  1.447 seconds
Platform modules already initialized, skipping
Shader 'WFX/Transparent Specular': fallback shader 'Particles/Alpha Blended' not found
Shader 'WFX/Transparent Diffuse': fallback shader 'Particles/Alpha Blended' not found
Refreshing native plugins compatible for Editor in 0.78 ms, found 1 plugins.
Preloading 0 native plugins for Editor in 0.00 ms.
Unloading 3134 Unused Serialized files (Serialized files now loaded: 0)
System memory in use before: 235.5 MB.
System memory in use after: 235.7 MB.

Unloading 11 unused Assets to reduce memory usage. Loaded Objects now: 3733.
Total: 2.769700 ms (FindLiveObjects: 0.300000 ms CreateObjectMapping: 0.185900 ms MarkObjects: 2.062700 ms  DeleteObjects: 0.220300 ms)

AssetImportWorkerClient::OnTransportError - code=2 error=End of file
